

Terminals which are not used:

   LPAREN
   RPAREN
   LBRACE
   RBRACE
   COMMA
   DIVIDE



Grammar
rule 1    program -> INT INT

Terminals, with rules where they appear

$ (-1)
error (256)
INT (258) 1
LPAREN (259)
RPAREN (260)
LBRACE (261)
RBRACE (262)
COMMA (263)
DIVIDE (264)

Nonterminals, with rules where they appear

program (10)
    on left: 1


state 0

    INT 	shift, and go to state 1

    program	go to state 3



state 1

    program  ->  INT . INT   (rule 1)

    INT 	shift, and go to state 2



state 2

    program  ->  INT INT .   (rule 1)

    $default	reduce using rule 1 (program)



state 3

    $   	go to state 4



state 4

    $   	go to state 5



state 5

    $default	accept
