c:\users\oren ish shalom\git\compilation_idc_for_students\folder_2_source_code\ex3\ms_visual_studio\folder_7_compiler\compiler\debug\vc140.pdb
c:\users\oren ish shalom\git\compilation_idc_for_students\folder_2_source_code\ex3\ms_visual_studio\folder_7_compiler\compiler\debug\vc140.idb
c:\users\oren ish shalom\git\compilation_idc_for_students\folder_2_source_code\ex3\ms_visual_studio\folder_7_compiler\compiler\debug\file_13_ir_tree.obj
c:\users\oren ish shalom\git\compilation_idc_for_students\folder_2_source_code\ex3\ms_visual_studio\folder_7_compiler\compiler\debug\file_14_ir_print.obj
c:\users\oren ish shalom\git\compilation_idc_for_students\folder_2_source_code\ex3\ms_visual_studio\folder_7_compiler\compiler\debug\file_15_temporaries_and_labels.obj
c:\users\oren ish shalom\git\compilation_idc_for_students\folder_2_source_code\ex3\ms_visual_studio\folder_7_compiler\compiler\debug\file_16_codegen.obj
c:\users\oren ish shalom\git\compilation_idc_for_students\folder_2_source_code\ex3\ms_visual_studio\folder_7_compiler\compiler\debug\file_16_pseudoasm_to_simulation_errormsg.obj
c:\users\oren ish shalom\git\compilation_idc_for_students\folder_2_source_code\ex3\ms_visual_studio\folder_7_compiler\compiler\debug\file_19_pseudoasm_to_simulation_ast.obj
c:\users\oren ish shalom\git\compilation_idc_for_students\folder_2_source_code\ex3\ms_visual_studio\folder_7_compiler\compiler\debug\file_20_pseudoasm_to_simulation.obj
c:\users\oren ish shalom\git\compilation_idc_for_students\folder_2_source_code\ex3\ms_visual_studio\folder_7_compiler\compiler\debug\file_21_liveness_analysis.obj
c:\users\oren ish shalom\git\compilation_idc_for_students\folder_2_source_code\ex3\ms_visual_studio\folder_7_compiler\compiler\debug\file_22_regalloc_errormsg.obj
c:\users\oren ish shalom\git\compilation_idc_for_students\folder_2_source_code\ex3\ms_visual_studio\folder_7_compiler\compiler\debug\file_25_regalloc.obj
c:\users\oren ish shalom\git\compilation_idc_for_students\folder_2_source_code\ex3\ms_visual_studio\folder_7_compiler\compiler\debug\main.obj
c:\users\oren ish shalom\git\compilation_idc_for_students\folder_2_source_code\ex3\ms_visual_studio\folder_7_compiler\compiler\debug\mips_frame.obj
c:\users\oren ish shalom\git\compilation_idc_for_students\folder_2_source_code\ex3\ms_visual_studio\folder_7_compiler\compiler\debug\parse.obj
c:\users\oren ish shalom\git\compilation_idc_for_students\folder_2_source_code\ex3\ms_visual_studio\folder_7_compiler\compiler\debug\write_assembley_output_file.obj
c:\users\oren ish shalom\git\compilation_idc_for_students\folder_2_source_code\ex3\ms_visual_studio\folder_7_compiler\compiler\debug\file_04_starkist_lexer.obj
c:\users\oren ish shalom\git\compilation_idc_for_students\folder_2_source_code\ex3\ms_visual_studio\folder_7_compiler\compiler\debug\file_05_starkist_parser.obj
c:\users\oren ish shalom\git\compilation_idc_for_students\folder_2_source_code\ex3\ms_visual_studio\folder_7_compiler\compiler\debug\file_17_pseudoasm_to_simulation_lexer.obj
c:\users\oren ish shalom\git\compilation_idc_for_students\folder_2_source_code\ex3\ms_visual_studio\folder_7_compiler\compiler\debug\file_18_pseudoasm_to_simulation_parser.obj
c:\users\oren ish shalom\git\compilation_idc_for_students\folder_2_source_code\ex3\ms_visual_studio\folder_7_compiler\compiler\debug\file_23_regalloc_lexer.obj
c:\users\oren ish shalom\git\compilation_idc_for_students\folder_2_source_code\ex3\ms_visual_studio\folder_7_compiler\compiler\debug\file_24_regalloc_parser.obj
c:\users\oren ish shalom\git\compilation_idc_for_students\folder_2_source_code\ex3\ms_visual_studio\folder_7_compiler\compiler\debug\file_01_util.obj
c:\users\oren ish shalom\git\compilation_idc_for_students\folder_2_source_code\ex3\ms_visual_studio\folder_7_compiler\compiler\debug\file_02_symbol.obj
c:\users\oren ish shalom\git\compilation_idc_for_students\folder_2_source_code\ex3\ms_visual_studio\folder_7_compiler\compiler\debug\file_03_starkist_errormsg.obj
c:\users\oren ish shalom\git\compilation_idc_for_students\folder_2_source_code\ex3\ms_visual_studio\folder_7_compiler\compiler\debug\file_06_starkist_ast.obj
c:\users\oren ish shalom\git\compilation_idc_for_students\folder_2_source_code\ex3\ms_visual_studio\folder_7_compiler\compiler\debug\file_07_starkist_ast_print.obj
c:\users\oren ish shalom\git\compilation_idc_for_students\folder_2_source_code\ex3\ms_visual_studio\folder_7_compiler\compiler\debug\file_08_semant.obj
c:\users\oren ish shalom\git\compilation_idc_for_students\folder_2_source_code\ex3\ms_visual_studio\folder_7_compiler\compiler\debug\file_09_generictable.obj
c:\users\oren ish shalom\git\compilation_idc_for_students\folder_2_source_code\ex3\ms_visual_studio\folder_7_compiler\compiler\debug\file_10_symboltable.obj
c:\users\oren ish shalom\git\compilation_idc_for_students\folder_2_source_code\ex3\ms_visual_studio\folder_7_compiler\compiler\debug\file_10_symboltableentry.obj
c:\users\oren ish shalom\git\compilation_idc_for_students\folder_2_source_code\ex3\ms_visual_studio\folder_7_compiler\compiler\debug\file_11_types.obj
c:\users\oren ish shalom\git\compilation_idc_for_students\folder_2_source_code\ex3\ms_visual_studio\folder_7_compiler\compiler\debug\file_12_ir.obj
c:\users\oren ish shalom\git\compilation_idc_for_students\folder_2_source_code\ex3\ms_visual_studio\folder_7_compiler\compiler\debug\compiler.ilk
c:\users\oren ish shalom\git\compilation_idc_for_students\folder_2_source_code\ex3\ms_visual_studio\folder_7_compiler\compiler\debug\compiler.exe
c:\users\oren ish shalom\git\compilation_idc_for_students\folder_2_source_code\ex3\ms_visual_studio\folder_7_compiler\compiler\debug\compiler.pdb
c:\users\oren ish shalom\git\compilation_idc_for_students\folder_2_source_code\ex3\ms_visual_studio\folder_7_compiler\compiler\debug\compiler.tlog\cl.command.1.tlog
c:\users\oren ish shalom\git\compilation_idc_for_students\folder_2_source_code\ex3\ms_visual_studio\folder_7_compiler\compiler\debug\compiler.tlog\cl.read.1.tlog
c:\users\oren ish shalom\git\compilation_idc_for_students\folder_2_source_code\ex3\ms_visual_studio\folder_7_compiler\compiler\debug\compiler.tlog\cl.write.1.tlog
c:\users\oren ish shalom\git\compilation_idc_for_students\folder_2_source_code\ex3\ms_visual_studio\folder_7_compiler\compiler\debug\compiler.tlog\link.command.1.tlog
c:\users\oren ish shalom\git\compilation_idc_for_students\folder_2_source_code\ex3\ms_visual_studio\folder_7_compiler\compiler\debug\compiler.tlog\link.read.1.tlog
c:\users\oren ish shalom\git\compilation_idc_for_students\folder_2_source_code\ex3\ms_visual_studio\folder_7_compiler\compiler\debug\compiler.tlog\link.write.1.tlog
